<?xml version="1.0" encoding="UTF-8"?>
<!-- Generated by org.testng.reporters.JUnitReportReporter -->
<testsuite skipped="0" hostname="LAPTOP-6Q5KS8MJ" name="com.testcases.DemoTest" tests="1" failures="0" timestamp="2020-06-10T14:57:18 IST" time="41.857" errors="0">
  <testcase name="verifyCancelSubscription" time="41.857" classname="com.testcases.DemoTest"/>
</testsuite> <!-- com.testcases.DemoTest -->
