<?xml version="1.0" encoding="UTF-8"?>
<!-- Generated by org.testng.reporters.JUnitReportReporter -->
<testsuite skipped="0" hostname="LAPTOP-6Q5KS8MJ" name="com.maven.testcases.DemoTest" tests="10" failures="0" timestamp="2021-03-24T07:38:50 IST" time="1079.686" errors="0">
  <testcase name="VerifyPersonlDeviceSignup" time="185.076" classname="com.maven.testcases.DemoTest"/>
  <testcase name="VerifyBusinessDeviceSignup" time="176.454" classname="com.maven.testcases.DemoTest"/>
  <testcase name="VerifyRetailerDeviceSignup" time="140.994" classname="com.maven.testcases.DemoTest"/>
  <testcase name="verifyUpdateVehicleProfile" time="75.397" classname="com.maven.testcases.DemoTest"/>
  <testcase name="verifyCancelSubscription" time="42.532" classname="com.maven.testcases.DemoTest"/>
  <testcase name="verifyCarFinder" time="42.172" classname="com.maven.testcases.DemoTest"/>
  <testcase name="verifyTermsAndPrivacyPolicy" time="31.369" classname="com.maven.testcases.DemoTest"/>
  <testcase name="verifyCreateGeoFences" time="65.755" classname="com.maven.testcases.DemoTest"/>
  <testcase name="verifyDeviceReplacement" time="278.256" classname="com.maven.testcases.DemoTest"/>
  <testcase name="verifyMarkReplacedDeviceForReuse" time="41.681" classname="com.maven.testcases.DemoTest"/>
</testsuite> <!-- com.maven.testcases.DemoTest -->
