<?xml version="1.0" encoding="UTF-8"?>
<!-- Generated by org.testng.reporters.JUnitReportReporter -->
<testsuite skipped="0" hostname="LAPTOP-6Q5KS8MJ" name="TestingP.Class3" tests="1" failures="0" timestamp="2021-06-11T23:34:08 IST" time="0.016" errors="0">
  <testcase name="three" time="0.016" classname="TestingP.Class3"/>
  <system-out/>
</testsuite> <!-- TestingP.Class3 -->
