<?xml version="1.0" encoding="UTF-8"?>
<!-- Generated by org.testng.reporters.JUnitReportReporter -->
<testsuite skipped="0" hostname="LAPTOP-6Q5KS8MJ" name="com.testcases.DemoTest" tests="1" failures="0" timestamp="2020-06-11T23:57:41 IST" time="43.222" errors="0">
  <testcase name="verifyCancelSubscription" time="43.222" classname="com.testcases.DemoTest"/>
</testsuite> <!-- com.testcases.DemoTest -->
