<?xml version="1.0" encoding="UTF-8"?>
<!-- Generated by org.testng.reporters.JUnitReportReporter -->
<testsuite skipped="0" hostname="LAPTOP-6Q5KS8MJ" name="com.maven.testcases.DemoTest" tests="1" failures="0" timestamp="2020-06-16T19:08:46 IST" time="34.446" errors="0">
  <testcase name="verifyLogin" time="34.446" classname="com.maven.testcases.DemoTest"/>
</testsuite> <!-- com.maven.testcases.DemoTest -->
