<?xml version="1.0" encoding="UTF-8"?>
<!-- Generated by org.testng.reporters.JUnitReportReporter -->
<testsuite hostname="DESKTOP-TTV29U0" failures="0" tests="1" name="com.autobrain.pages.hiss" time="0.008" errors="0" timestamp="2021-08-03T21:16:13 IST" skipped="0">
  <testcase classname="com.autobrain.pages.hiss" name="hhh" time="0.008"/>
  <system-out/>
</testsuite> <!-- com.autobrain.pages.hiss -->
