<?xml version="1.0" encoding="UTF-8"?>
<!-- Generated by org.testng.reporters.JUnitReportReporter -->
<testsuite skipped="0" hostname="LAPTOP-6Q5KS8MJ" name="com.testcases.ForgotPasswordTest" tests="1" failures="0" timestamp="21 Aug 2019 06:06:33 GMT" time="25.756" errors="0">
  <testcase name="VerifyCancelBtn" time="25.756" classname="com.testcases.ForgotPasswordTest"/>
</testsuite> <!-- com.testcases.ForgotPasswordTest -->
