<?xml version="1.0" encoding="UTF-8"?>
<!-- Generated by org.testng.reporters.JUnitReportReporter -->
<testsuite skipped="0" hostname="LAPTOP-6Q5KS8MJ" name="com.autobrain.testcases.DemoTest" tests="1" failures="0" timestamp="2021-04-30T20:26:18 IST" time="197.203" errors="0">
  <testcase name="ValidatePersonalRetailerTests" time="197.203" classname="com.autobrain.testcases.DemoTest"/>
</testsuite> <!-- com.autobrain.testcases.DemoTest -->
