<?xml version="1.0" encoding="UTF-8"?>
<!-- Generated by org.testng.reporters.JUnitReportReporter -->
<testsuite skipped="0" hostname="LAPTOP-6Q5KS8MJ" name="Demo.Class3" tests="3" failures="0" timestamp="2021-06-10T16:31:43 IST" time="0.024" errors="0">
  <testcase name="verifySignupWithFreeBluetoothDevice" time="0.003" classname="Demo.Class3"/>
  <system-out/>
  <testcase name="verifyActivateCellularDeviceWhichContainNoInvoiceUnderFreeBluetoothAccount" time="0.019" classname="Demo.Class3"/>
  <system-out/>
  <testcase name="verifySignpuWithFreePlusPaidBluetoothDevice" time="0.002" classname="Demo.Class3"/>
  <system-out/>
</testsuite> <!-- Demo.Class3 -->
