<?xml version="1.0" encoding="UTF-8"?>
<!-- Generated by org.testng.reporters.JUnitReportReporter -->
<testsuite skipped="0" hostname="LAPTOP-6Q5KS8MJ" name="com.testcases.DemoTest" tests="4" failures="0" timestamp="2021-03-11T11:11:53 IST" time="814.398" errors="0">
  <testcase name="VerifyPersonlDeviceSignup" time="188.838" classname="com.testcases.DemoTest"/>
  <testcase name="VerifyBusinessDeviceSignup" time="180.482" classname="com.testcases.DemoTest"/>
  <testcase name="VerifyRetailerDeviceSignup" time="153.870" classname="com.testcases.DemoTest"/>
  <testcase name="verifyDeviceReplacement" time="291.208" classname="com.testcases.DemoTest"/>
</testsuite> <!-- com.testcases.DemoTest -->
