<?xml version="1.0" encoding="UTF-8"?>
<!-- Generated by org.testng.reporters.JUnitReportReporter -->
<testsuite skipped="0" hostname="LAPTOP-6Q5KS8MJ" name="com.autobrain.pages.MarkReplacedDeviceForReuse" tests="1" failures="1" timestamp="2021-06-14T22:34:00 IST" time="44.634" errors="0">
  <testcase name="markReplacedDeviceForReuse" time="44.634" classname="com.autobrain.pages.MarkReplacedDeviceForReuse">
    <failure type="java.lang.AssertionError" message="Getting error: #&lt;Job id: 7732, car_id: 32600, job_type: &quot;for reuse.&quot;, status: &quot;active&quot;, date_scheduled: &quot;2021-06-14 16:47:46&quot;, date_completed: nil&gt; expected [true] but found [false]">
      <![CDATA[java.lang.AssertionError: Getting error: #<Job id: 7732, car_id: 32600, job_type: "for reuse.", status: "active", date_scheduled: "2021-06-14 16:47:46", date_completed: nil> expected [true] but found [false]
at org.testng.Assert.fail(Assert.java:99)
at org.testng.Assert.failNotEquals(Assert.java:1037)
at org.testng.Assert.assertTrue(Assert.java:45)
at com.autobrain.pages.MarkReplacedDeviceForReuse.markReplacedDeviceForReuse(MarkReplacedDeviceForReuse.java:102)
at sun.reflect.NativeMethodAccessorImpl.invoke0(Native Method)
at sun.reflect.NativeMethodAccessorImpl.invoke(NativeMethodAccessorImpl.java:62)
at sun.reflect.DelegatingMethodAccessorImpl.invoke(DelegatingMethodAccessorImpl.java:43)
at java.lang.reflect.Method.invoke(Method.java:498)
at org.testng.internal.MethodInvocationHelper.invokeMethod(MethodInvocationHelper.java:133)
at org.testng.internal.TestInvoker.invokeMethod(TestInvoker.java:598)
at org.testng.internal.TestInvoker.invokeTestMethod(TestInvoker.java:173)
at org.testng.internal.MethodRunner.runInSequence(MethodRunner.java:46)
at org.testng.internal.TestInvoker$MethodInvocationAgent.invoke(TestInvoker.java:824)
at org.testng.internal.TestInvoker.invokeTestMethods(TestInvoker.java:146)
at org.testng.internal.TestMethodWorker.invokeTestMethods(TestMethodWorker.java:146)
at org.testng.internal.TestMethodWorker.run(TestMethodWorker.java:128)
at java.util.concurrent.ThreadPoolExecutor.runWorker(ThreadPoolExecutor.java:1149)
at java.util.concurrent.ThreadPoolExecutor$Worker.run(ThreadPoolExecutor.java:624)
at java.lang.Thread.run(Thread.java:748)
]]>
    </failure>
  </testcase> <!-- markReplacedDeviceForReuse -->
  <system-out/>
</testsuite> <!-- com.autobrain.pages.MarkReplacedDeviceForReuse -->
