<?xml version="1.0" encoding="UTF-8"?>
<!-- Generated by org.testng.reporters.JUnitReportReporter -->
<testsuite skipped="0" hostname="LAPTOP-6Q5KS8MJ" name="com.autobrain.pages.CancelSubscription" tests="1" failures="0" timestamp="2021-07-12T09:27:48 IST" time="48.411" errors="0">
  <testcase name="cancelSubscription" time="48.411" classname="com.autobrain.pages.CancelSubscription"/>
  <system-out/>
</testsuite> <!-- com.autobrain.pages.CancelSubscription -->
