<?xml version="1.0" encoding="UTF-8"?>
<!-- Generated by org.testng.reporters.JUnitReportReporter -->
<testsuite hostname="DESKTOP-TTV29U0" failures="0" tests="1" name="com.autobrain.pages.VehicleProfile" time="80.769" errors="0" timestamp="2021-08-12T08:52:21 IST" skipped="0">
  <testcase classname="com.autobrain.pages.VehicleProfile" name="VehicleProfileInfo" time="80.769"/>
  <system-out/>
</testsuite> <!-- com.autobrain.pages.VehicleProfile -->
