<?xml version="1.0" encoding="UTF-8"?>
<!-- Generated by org.testng.reporters.JUnitReportReporter -->
<testsuite skipped="0" hostname="LAPTOP-6Q5KS8MJ" name="com.testcases.DemoTest" tests="1" failures="0" timestamp="2020-07-02T10:56:16 IST" time="85.707" errors="0">
  <testcase name="verifyCarFinder" time="85.707" classname="com.testcases.DemoTest"/>
</testsuite> <!-- com.testcases.DemoTest -->
