<?xml version="1.0" encoding="UTF-8"?>
<!-- Generated by org.testng.reporters.JUnitReportReporter -->
<testsuite skipped="0" hostname="LAPTOP-6Q5KS8MJ" name="Demo.NewExample" tests="2" failures="0" timestamp="2021-05-24T13:53:17 IST" time="2.044" errors="0">
  <testcase name="he" time="1.022" classname="Demo.NewExample"/>
  <testcase name="newhe" time="1.022" classname="Demo.NewExample"/>
</testsuite> <!-- Demo.NewExample -->
