<?xml version="1.0" encoding="UTF-8"?>
<!-- Generated by org.testng.reporters.JUnitReportReporter -->
<testsuite hostname="DESKTOP-TTV29U0" failures="0" tests="1" name="com.autobrain.pages.SignUp" time="134.743" errors="0" timestamp="2021-07-29T20:57:07 IST" skipped="0">
  <testcase classname="com.autobrain.pages.SignUp" name="signupFreeBluetoothDevice" time="134.743"/>
  <system-out/>
</testsuite> <!-- com.autobrain.pages.SignUp -->
