<?xml version="1.0" encoding="UTF-8"?>
<!-- Generated by org.testng.reporters.JUnitReportReporter -->
<testsuite skipped="0" hostname="LAPTOP-6Q5KS8MJ" name="Demo.bb" tests="1" failures="0" timestamp="27 Jan 2020 10:57:13 GMT" time="0.012" errors="0">
  <testcase name="signup" time="0.012" classname="Demo.bb"/>
</testsuite> <!-- Demo.bb -->
