<?xml version="1.0" encoding="UTF-8"?>
<!-- Generated by org.testng.reporters.JUnitReportReporter -->
<testsuite skipped="0" hostname="LAPTOP-6Q5KS8MJ" name="Demo.ClassA" tests="1" failures="0" timestamp="2021-06-26T00:42:38 IST" time="6.224" errors="0">
  <testcase name="hello" time="6.224" classname="Demo.ClassA"/>
  <system-out/>
</testsuite> <!-- Demo.ClassA -->
