<?xml version="1.0" encoding="UTF-8"?>
<!-- Generated by org.testng.reporters.JUnitReportReporter -->
<testsuite skipped="0" hostname="LAPTOP-6Q5KS8MJ" name="com.autobrain.pages.Testing" tests="1" failures="0" timestamp="2021-07-14T09:30:05 IST" time="33.214" errors="0">
  <testcase name="check" time="33.214" classname="com.autobrain.pages.Testing"/>
  <system-out/>
</testsuite> <!-- com.autobrain.pages.Testing -->
