<?xml version="1.0" encoding="UTF-8"?>
<!-- Generated by org.testng.reporters.JUnitReportReporter -->
<testsuite skipped="0" hostname="LAPTOP-6Q5KS8MJ" name="com.testcases.DemoTest" tests="1" failures="0" timestamp="2021-04-06T09:36:03 IST" time="123.438" errors="0">
  <testcase name="VerifyRetailerSignup" time="123.438" classname="com.testcases.DemoTest"/>
</testsuite> <!-- com.testcases.DemoTest -->
