<?xml version="1.0" encoding="UTF-8"?>
<!-- Generated by org.testng.reporters.JUnitReportReporter -->
<testsuite skipped="0" hostname="LAPTOP-6Q5KS8MJ" name="com.autobrain.pages.DeviceReplacement" tests="1" failures="0" timestamp="2021-06-14T17:26:01 IST" time="238.513" errors="0">
  <testcase name="deviceReplacement" time="238.513" classname="com.autobrain.pages.DeviceReplacement"/>
  <system-out/>
</testsuite> <!-- com.autobrain.pages.DeviceReplacement -->
