<?xml version="1.0" encoding="UTF-8"?>
<!-- Generated by org.testng.reporters.JUnitReportReporter -->
<testsuite skipped="0" hostname="LAPTOP-6Q5KS8MJ" name="Demo.FF" tests="1" failures="0" timestamp="19 Mar 2020 07:52:09 GMT" time="0.015" errors="0">
  <testcase name="app" time="0.015" classname="Demo.FF"/>
</testsuite> <!-- Demo.FF -->
