<?xml version="1.0" encoding="UTF-8"?>
<!-- Generated by org.testng.reporters.JUnitReportReporter -->
<testsuite skipped="0" hostname="LAPTOP-6Q5KS8MJ" name="Demo.Random_Data" tests="1" failures="0" timestamp="30 Oct 2019 08:45:09 GMT" time="0.018" errors="0">
  <testcase name="step2" time="0.018" classname="Demo.Random_Data"/>
</testsuite> <!-- Demo.Random_Data -->
