<?xml version="1.0" encoding="UTF-8"?>
<!-- Generated by org.testng.reporters.JUnitReportReporter -->
<testsuite skipped="0" hostname="LAPTOP-6Q5KS8MJ" name="com.maven.testcases.DemoTest" tests="5" failures="1" timestamp="2020-06-18T19:37:19 IST" time="626.994" errors="0">
  <testcase name="VerifyBusinessAccountRegistration" time="223.089" classname="com.maven.testcases.DemoTest"/>
  <testcase name="VerifySignupWithPrepaidDevice" time="232.489" classname="com.maven.testcases.DemoTest"/>
  <testcase name="verifyLogin" time="32.014" classname="com.maven.testcases.DemoTest"/>
  <testcase name="verifyUpdateVehicleProfile" time="79.438" classname="com.maven.testcases.DemoTest">
    <failure type="java.lang.AssertionError" message="The following asserts failed:
	Vehicle make is not updated! expected [VOLVO] but found [Choose Make],
	Vehicle model is not updated! expected [S90] but found [Choose Model]">
      <![CDATA[java.lang.AssertionError: The following asserts failed:
Vehicle make is not updated! expected [VOLVO] but found [Choose Make],
Vehicle model is not updated! expected [S90] but found [Choose Model]
at org.testng.asserts.SoftAssert.assertAll(SoftAssert.java:47)
at org.testng.asserts.SoftAssert.assertAll(SoftAssert.java:31)
at com.pages.VehicleProfile.validate_data(VehicleProfile.java:373)
at com.pages.VehicleProfile.VehicleProfileInfo(VehicleProfile.java:169)
at com.maven.testcases.DemoTest.verifyUpdateVehicleProfile(DemoTest.java:42)
at sun.reflect.NativeMethodAccessorImpl.invoke0(Native Method)
at sun.reflect.NativeMethodAccessorImpl.invoke(NativeMethodAccessorImpl.java:62)
at sun.reflect.DelegatingMethodAccessorImpl.invoke(DelegatingMethodAccessorImpl.java:43)
at java.lang.reflect.Method.invoke(Method.java:498)
at org.testng.internal.MethodInvocationHelper.invokeMethod(MethodInvocationHelper.java:133)
at org.testng.internal.TestInvoker.invokeMethod(TestInvoker.java:584)
at org.testng.internal.TestInvoker.invokeTestMethod(TestInvoker.java:172)
at org.testng.internal.MethodRunner.runInSequence(MethodRunner.java:46)
at org.testng.internal.TestInvoker$MethodInvocationAgent.invoke(TestInvoker.java:804)
at org.testng.internal.TestInvoker.invokeTestMethods(TestInvoker.java:145)
at org.testng.internal.TestMethodWorker.invokeTestMethods(TestMethodWorker.java:146)
at org.testng.internal.TestMethodWorker.run(TestMethodWorker.java:128)
at java.util.ArrayList.forEach(ArrayList.java:1257)
at org.testng.TestRunner.privateRun(TestRunner.java:770)
at org.testng.TestRunner.run(TestRunner.java:591)
at org.testng.SuiteRunner.runTest(SuiteRunner.java:402)
at org.testng.SuiteRunner.access$000(SuiteRunner.java:41)
at org.testng.SuiteRunner$SuiteWorker.run(SuiteRunner.java:443)
at org.testng.internal.thread.ThreadUtil.lambda$execute$0(ThreadUtil.java:67)
at java.util.concurrent.FutureTask.run(FutureTask.java:266)
at java.util.concurrent.ThreadPoolExecutor.runWorker(ThreadPoolExecutor.java:1149)
at java.util.concurrent.ThreadPoolExecutor$Worker.run(ThreadPoolExecutor.java:624)
at java.lang.Thread.run(Thread.java:748)
]]>
    </failure>
  </testcase> <!-- verifyUpdateVehicleProfile -->
  <testcase name="verifyCancelSubscription" time="59.964" classname="com.maven.testcases.DemoTest"/>
</testsuite> <!-- com.maven.testcases.DemoTest -->
