<?xml version="1.0" encoding="UTF-8"?>
<!-- Generated by org.testng.reporters.JUnitReportReporter -->
<testsuite skipped="0" hostname="LAPTOP-6Q5KS8MJ" name="com.autobrain.pages.DeviceReplacement" tests="1" failures="1" timestamp="2021-07-14T12:03:50 IST" time="325.889" errors="0">
  <testcase name="deviceReplacement" time="325.889" classname="com.autobrain.pages.DeviceReplacement">
    <failure type="java.lang.AssertionError" message="Replaced unit should get old plan! expected [Current Plan: Personal Tier 1 Monthly
90 days of free service remaining.
Next Payment: $8.99 on October 12, 2021.] but found [Current Plan: Personal Monthly
30 days of free service remaining.
Next Payment: $9.97 on August 13, 2021.]">
      <![CDATA[java.lang.AssertionError: Replaced unit should get old plan! expected [Current Plan: Personal Tier 1 Monthly
90 days of free service remaining.
Next Payment: $8.99 on October 12, 2021.] but found [Current Plan: Personal Monthly
30 days of free service remaining.
Next Payment: $9.97 on August 13, 2021.]
at org.testng.Assert.fail(Assert.java:99)
at org.testng.Assert.failNotEquals(Assert.java:1037)
at org.testng.Assert.assertEqualsImpl(Assert.java:140)
at org.testng.Assert.assertEquals(Assert.java:122)
at org.testng.Assert.assertEquals(Assert.java:629)
at com.autobrain.pages.DeviceReplacement.deviceReplacement(DeviceReplacement.java:93)
at sun.reflect.NativeMethodAccessorImpl.invoke0(Native Method)
at sun.reflect.NativeMethodAccessorImpl.invoke(NativeMethodAccessorImpl.java:62)
at sun.reflect.DelegatingMethodAccessorImpl.invoke(DelegatingMethodAccessorImpl.java:43)
at java.lang.reflect.Method.invoke(Method.java:498)
at org.testng.internal.MethodInvocationHelper.invokeMethod(MethodInvocationHelper.java:133)
at org.testng.internal.TestInvoker.invokeMethod(TestInvoker.java:598)
at org.testng.internal.TestInvoker.invokeTestMethod(TestInvoker.java:173)
at org.testng.internal.MethodRunner.runInSequence(MethodRunner.java:46)
at org.testng.internal.TestInvoker$MethodInvocationAgent.invoke(TestInvoker.java:824)
at org.testng.internal.TestInvoker.invokeTestMethods(TestInvoker.java:146)
at org.testng.internal.TestMethodWorker.invokeTestMethods(TestMethodWorker.java:146)
at org.testng.internal.TestMethodWorker.run(TestMethodWorker.java:128)
at java.util.concurrent.ThreadPoolExecutor.runWorker(ThreadPoolExecutor.java:1149)
at java.util.concurrent.ThreadPoolExecutor$Worker.run(ThreadPoolExecutor.java:624)
at java.lang.Thread.run(Thread.java:748)
]]>
    </failure>
  </testcase> <!-- deviceReplacement -->
  <system-out/>
</testsuite> <!-- com.autobrain.pages.DeviceReplacement -->
