<?xml version="1.0" encoding="UTF-8"?>
<!-- Generated by org.testng.reporters.JUnitReportReporter -->
<testsuite skipped="0" hostname="LAPTOP-6Q5KS8MJ" name="Demo.Example" tests="1" failures="0" timestamp="2021-06-11T18:36:33 IST" time="0.014" errors="0">
  <testcase name="hello" time="0.014" classname="Demo.Example"/>
  <system-out/>
</testsuite> <!-- Demo.Example -->
