<?xml version="1.0" encoding="UTF-8"?>
<!-- Generated by org.testng.reporters.JUnitReportReporter -->
<testsuite skipped="0" hostname="LAPTOP-6Q5KS8MJ" name="Demo.ZZ" tests="1" failures="0" timestamp="19 Mar 2020 07:37:22 GMT" time="0.009" errors="0">
  <testcase name="apple" time="0.009" classname="Demo.ZZ"/>
</testsuite> <!-- Demo.ZZ -->
