<?xml version="1.0" encoding="UTF-8"?>
<!-- Generated by org.testng.reporters.JUnitReportReporter -->
<testsuite hostname="DESKTOP-TTV29U0" failures="0" tests="1" name="com.autobrain.pages.SignUp" time="97.291" errors="0" timestamp="2021-07-28T08:45:55 IST" skipped="0">
  <testcase classname="com.autobrain.pages.SignUp" name="signupFreeBluetoothDevice" time="97.291"/>
  <system-out/>
</testsuite> <!-- com.autobrain.pages.SignUp -->
