<?xml version="1.0" encoding="UTF-8"?>
<!-- Generated by org.testng.reporters.JUnitReportReporter -->
<testsuite hostname="DESKTOP-TTV29U0" failures="0" tests="1" name="com.autobrain.pages.SignUp" time="257.371" errors="0" timestamp="2021-09-03T10:09:50 IST" skipped="0">
  <testcase classname="com.autobrain.pages.SignUp" name="signupPersonalRetailerDevice" time="257.371"/>
  <system-out/>
</testsuite> <!-- com.autobrain.pages.SignUp -->
