<?xml version="1.0" encoding="UTF-8"?>
<!-- Generated by org.testng.reporters.JUnitReportReporter -->
<testsuite skipped="0" hostname="LAPTOP-6Q5KS8MJ" name="com.autobrain.pages.AlertSettings" tests="1" failures="0" timestamp="2021-06-14T18:07:55 IST" time="86.640" errors="0">
  <testcase name="alertSettings" time="86.640" classname="com.autobrain.pages.AlertSettings"/>
  <system-out/>
</testsuite> <!-- com.autobrain.pages.AlertSettings -->
