<?xml version="1.0" encoding="UTF-8"?>
<!-- Generated by org.testng.reporters.JUnitReportReporter -->
<testsuite skipped="0" hostname="LAPTOP-6Q5KS8MJ" name="com.testcases.DemoTest" tests="1" failures="0" timestamp="01 May 2020 05:35:54 GMT" time="200.118" errors="0">
  <testcase name="VerifyRegister1" time="200.118" classname="com.testcases.DemoTest"/>
</testsuite> <!-- com.testcases.DemoTest -->
