<?xml version="1.0" encoding="UTF-8"?>
<!-- Generated by org.testng.reporters.JUnitReportReporter -->
<testsuite skipped="0" hostname="LAPTOP-6Q5KS8MJ" name="TestingP.Class2" tests="1" failures="0" timestamp="2021-06-11T23:33:48 IST" time="0.018" errors="0">
  <testcase name="two" time="0.018" classname="TestingP.Class2"/>
  <system-out/>
</testsuite> <!-- TestingP.Class2 -->
