<?xml version="1.0" encoding="UTF-8"?>
<!-- Generated by org.testng.reporters.JUnitReportReporter -->
<testsuite skipped="0" hostname="LAPTOP-6Q5KS8MJ" name="com.pages.sssss" tests="1" failures="0" timestamp="15 Oct 2019 12:17:07 GMT" time="0.026" errors="0">
  <testcase name="step2" time="0.026" classname="com.pages.sssss"/>
</testsuite> <!-- com.pages.sssss -->
