<?xml version="1.0" encoding="UTF-8"?>
<!-- Generated by org.testng.reporters.JUnitReportReporter -->
<testsuite skipped="0" hostname="LAPTOP-6Q5KS8MJ" name="com.testcases.DemoTest" tests="1" failures="0" timestamp="2020-06-16T12:34:24 IST" time="189.021" errors="0">
  <testcase name="Manually_Create_Invoice_And_Signup" time="189.021" classname="com.testcases.DemoTest"/>
</testsuite> <!-- com.testcases.DemoTest -->
