<?xml version="1.0" encoding="UTF-8"?>
<!-- Generated by org.testng.reporters.JUnitReportReporter -->
<testsuite skipped="0" hostname="LAPTOP-6Q5KS8MJ" name="com.testcases.LoginTest" tests="5" failures="0" timestamp="21 Aug 2019 11:38:00 GMT" time="56.569" errors="0">
  <testcase name="VerifyBlankLogin" time="4.972" classname="com.testcases.LoginTest"/>
  <testcase name="VerifyInvalidLogin" time="3.142" classname="com.testcases.LoginTest"/>
  <testcase name="VerifyValidLogin" time="7.085" classname="com.testcases.LoginTest"/>
  <testcase name="VerifyLogoutUser" time="7.366" classname="com.testcases.LoginTest"/>
  <testcase name="VerifyChatFuncationality" time="34.004" classname="com.testcases.LoginTest"/>
</testsuite> <!-- com.testcases.LoginTest -->
