<?xml version="1.0" encoding="UTF-8"?>
<!-- Generated by org.testng.reporters.JUnitReportReporter -->
<testsuite skipped="0" hostname="LAPTOP-6Q5KS8MJ" name="Demo.ClassA" tests="2" failures="0" timestamp="2021-06-10T11:39:22 IST" time="445.101" errors="0">
  <testcase name="verifySignupWithPersonalDeviceBoughtFromRetailer" time="178.530" classname="Demo.ClassA"/>
  <testcase name="verifySignupWithBusinessDeviceBoughtFromRetailer" time="266.571" classname="Demo.ClassA"/>
</testsuite> <!-- Demo.ClassA -->
