<?xml version="1.0" encoding="UTF-8"?>
<!-- Generated by org.testng.reporters.JUnitReportReporter -->
<testsuite skipped="0" hostname="LAPTOP-6Q5KS8MJ" name="com.autobrain.pages.TestingAPI" tests="1" failures="0" timestamp="2021-07-08T17:07:31 IST" time="125.196" errors="0">
  <testcase name="getPlanInfo" time="125.196" classname="com.autobrain.pages.TestingAPI"/>
  <system-out/>
</testsuite> <!-- com.autobrain.pages.TestingAPI -->
