<?xml version="1.0" encoding="UTF-8"?>
<!-- Generated by org.testng.reporters.JUnitReportReporter -->
<testsuite skipped="0" hostname="LAPTOP-6Q5KS8MJ" name="com.testcases.DemoTest" tests="1" failures="0" timestamp="2020-06-15T10:15:22 IST" time="180.958" errors="0">
  <testcase name="Manually_Create_Invoice_And_Signup" time="180.958" classname="com.testcases.DemoTest"/>
</testsuite> <!-- com.testcases.DemoTest -->
