<?xml version="1.0" encoding="UTF-8"?>
<!-- Generated by org.testng.reporters.JUnitReportReporter -->
<testsuite skipped="0" hostname="LAPTOP-6Q5KS8MJ" name="Demo.Ex2" tests="2" failures="0" timestamp="2021-06-13T22:17:43 IST" time="0.020" errors="0">
  <testcase name="hell" time="0.010" classname="Demo.Ex2"/>
  <system-out/>
  <testcase name="hell2" time="0.010" classname="Demo.Ex2"/>
  <system-out/>
</testsuite> <!-- Demo.Ex2 -->
