<?xml version="1.0" encoding="UTF-8"?>
<!-- Generated by org.testng.reporters.JUnitReportReporter -->
<testsuite skipped="0" hostname="LAPTOP-6Q5KS8MJ" name="com.testcases.DemoTest" tests="1" failures="0" timestamp="2021-02-22T22:18:58 IST" time="117.559" errors="0">
  <testcase name="Manually_Create_Invoice_And_Signup" time="117.559" classname="com.testcases.DemoTest"/>
</testsuite> <!-- com.testcases.DemoTest -->
