<?xml version="1.0" encoding="UTF-8"?>
<!-- Generated by org.testng.reporters.JUnitReportReporter -->
<testsuite skipped="0" hostname="LAPTOP-6Q5KS8MJ" name="com.testcases.DemoTest" tests="1" failures="0" timestamp="2021-02-26T20:20:39 IST" time="63.898" errors="0">
  <testcase name="verifyDownloadApp" time="63.898" classname="com.testcases.DemoTest"/>
</testsuite> <!-- com.testcases.DemoTest -->
