<?xml version="1.0" encoding="UTF-8"?>
<!-- Generated by org.testng.reporters.JUnitReportReporter -->
<testsuite skipped="0" hostname="LAPTOP-6Q5KS8MJ" name="com.autobrain.pages.SignUp" tests="6" failures="0" timestamp="2021-07-12T11:27:34 IST" time="1545.909" errors="0">
  <testcase name="signupBusinessDeviceBoughtFromABWebsite" time="275.441" classname="com.autobrain.pages.SignUp"/>
  <system-out/>
  <testcase name="signupPersonalDeviceBoughtFromABWebsite" time="368.701" classname="com.autobrain.pages.SignUp"/>
  <system-out/>
  <testcase name="signupBusinessRetailerDevice" time="190.244" classname="com.autobrain.pages.SignUp"/>
  <system-out/>
  <testcase name="signupFreeBluetoothDevice" time="97.242" classname="com.autobrain.pages.SignUp"/>
  <system-out/>
  <testcase name="signupPersonalRetailerDevice" time="189.886" classname="com.autobrain.pages.SignUp"/>
  <system-out/>
  <testcase name="signupFreePlusPaidBluetoothDevice" time="424.395" classname="com.autobrain.pages.SignUp"/>
  <system-out/>
</testsuite> <!-- com.autobrain.pages.SignUp -->
