<?xml version="1.0" encoding="UTF-8"?>
<!-- Generated by org.testng.reporters.JUnitReportReporter -->
<testsuite skipped="0" hostname="LAPTOP-6Q5KS8MJ" name="com.testcases.DemoTest" tests="1" failures="0" timestamp="22 Apr 2020 07:54:11 GMT" time="269.963" errors="0">
  <testcase name="VerifyRegister1" time="269.963" classname="com.testcases.DemoTest"/>
</testsuite> <!-- com.testcases.DemoTest -->
