<?xml version="1.0" encoding="UTF-8"?>
<!-- Generated by org.testng.reporters.JUnitReportReporter -->
<testsuite skipped="0" hostname="LAPTOP-6Q5KS8MJ" name="Demo.Fruits" tests="1" failures="0" timestamp="18 Mar 2020 11:33:07 GMT" time="0.015" errors="0">
  <testcase name="aa" time="0.015" classname="Demo.Fruits"/>
</testsuite> <!-- Demo.Fruits -->
