<?xml version="1.0" encoding="UTF-8"?>
<!-- Generated by org.testng.reporters.JUnitReportReporter -->
<testsuite skipped="0" hostname="LAPTOP-6Q5KS8MJ" name="Demo.Ck" tests="1" failures="0" timestamp="24 Jan 2020 12:30:59 GMT" time="0.008" errors="0">
  <testcase name="signup" time="0.008" classname="Demo.Ck"/>
</testsuite> <!-- Demo.Ck -->
