<?xml version="1.0" encoding="UTF-8"?>
<!-- Generated by org.testng.reporters.JUnitReportReporter -->
<testsuite hostname="DESKTOP-TTV29U0" failures="0" tests="1" name="com.autobrain.pages.SignUp" time="201.526" errors="0" timestamp="2021-08-05T21:00:31 IST" skipped="0">
  <testcase classname="com.autobrain.pages.SignUp" name="signupFreePlusPaidBluetoothDevice" time="201.526"/>
  <system-out/>
</testsuite> <!-- com.autobrain.pages.SignUp -->
