<?xml version="1.0" encoding="UTF-8"?>
<!-- Generated by org.testng.reporters.JUnitReportReporter -->
<testsuite skipped="0" hostname="LAPTOP-6Q5KS8MJ" name="com.autobrain.testcases.DemoTest" tests="1" failures="0" timestamp="2021-05-18T01:01:40 IST" time="12.902" errors="0">
  <testcase name="gotdfdso" time="12.902" classname="com.autobrain.testcases.DemoTest"/>
</testsuite> <!-- com.autobrain.testcases.DemoTest -->
