<?xml version="1.0" encoding="UTF-8"?>
<!-- Generated by org.testng.reporters.JUnitReportReporter -->
<testsuite skipped="0" hostname="LAPTOP-6Q5KS8MJ" name="com.autobrain.pages.SignUp" tests="1" failures="0" timestamp="2021-06-14T20:08:07 IST" time="165.393" errors="0">
  <testcase name="signupFreeBluetoothDevice" time="165.393" classname="com.autobrain.pages.SignUp"/>
  <system-out/>
</testsuite> <!-- com.autobrain.pages.SignUp -->
