<?xml version="1.0" encoding="UTF-8"?>
<!-- Generated by org.testng.reporters.JUnitReportReporter -->
<testsuite skipped="0" hostname="LAPTOP-6Q5KS8MJ" name="com.autobrain.pages.SignUp" tests="7" failures="1" timestamp="2021-06-14T00:41:43 IST" time="1830.196" errors="0">
  <testcase name="signupPersonalRetailerDevice" time="190.805" classname="com.autobrain.pages.SignUp"/>
  <system-out/>
  <testcase name="signupPersonalDeviceBoughtFromABWebsite" time="374.488" classname="com.autobrain.pages.SignUp"/>
  <system-out/>
  <testcase name="signupBusinessRetailerDevice" time="297.168" classname="com.autobrain.pages.SignUp"/>
  <system-out/>
  <testcase name="signupFreePlusPaidBluetoothDevice" time="432.126" classname="com.autobrain.pages.SignUp"/>
  <system-out/>
  <testcase name="ActivateCellularDeviceWhichContainNoInvoiceUnderFreeBluetoothAccount" time="189.025" classname="com.autobrain.pages.SignUp">
    <failure type="java.lang.AssertionError" message="The server responded with a status of 500! expected [false] but found [true]">
      <![CDATA[java.lang.AssertionError: The server responded with a status of 500! expected [false] but found [true]
at org.testng.Assert.fail(Assert.java:99)
at org.testng.Assert.failNotEquals(Assert.java:1037)
at org.testng.Assert.assertFalse(Assert.java:67)
at com.autobrain.base.SignUpBase.activateNewDevice(SignUpBase.java:969)
at com.autobrain.pages.SignUp.ActivateCellularDeviceWhichContainNoInvoiceUnderFreeBluetoothAccount(SignUp.java:328)
at sun.reflect.NativeMethodAccessorImpl.invoke0(Native Method)
at sun.reflect.NativeMethodAccessorImpl.invoke(NativeMethodAccessorImpl.java:62)
at sun.reflect.DelegatingMethodAccessorImpl.invoke(DelegatingMethodAccessorImpl.java:43)
at java.lang.reflect.Method.invoke(Method.java:498)
at org.testng.internal.MethodInvocationHelper.invokeMethod(MethodInvocationHelper.java:133)
at org.testng.internal.TestInvoker.invokeMethod(TestInvoker.java:598)
at org.testng.internal.TestInvoker.invokeTestMethod(TestInvoker.java:173)
at org.testng.internal.MethodRunner.runInSequence(MethodRunner.java:46)
at org.testng.internal.TestInvoker$MethodInvocationAgent.invoke(TestInvoker.java:824)
at org.testng.internal.TestInvoker.invokeTestMethods(TestInvoker.java:146)
at org.testng.internal.TestMethodWorker.invokeTestMethods(TestMethodWorker.java:146)
at org.testng.internal.TestMethodWorker.run(TestMethodWorker.java:128)
at java.util.concurrent.ThreadPoolExecutor.runWorker(ThreadPoolExecutor.java:1149)
at java.util.concurrent.ThreadPoolExecutor$Worker.run(ThreadPoolExecutor.java:624)
at java.lang.Thread.run(Thread.java:748)
]]>
    </failure>
  </testcase> <!-- ActivateCellularDeviceWhichContainNoInvoiceUnderFreeBluetoothAccount -->
  <system-out/>
  <testcase name="signupBusinessDeviceBoughtFromABWebsite" time="253.656" classname="com.autobrain.pages.SignUp"/>
  <system-out/>
  <testcase name="signupFreeBluetoothDevice" time="92.928" classname="com.autobrain.pages.SignUp"/>
  <system-out/>
</testsuite> <!-- com.autobrain.pages.SignUp -->
