<?xml version="1.0" encoding="UTF-8"?>
<!-- Generated by org.testng.reporters.JUnitReportReporter -->
<testsuite hostname="DESKTOP-TTV29U0" failures="0" tests="1" name="com.autobrain.pages.SignUp" time="206.251" errors="0" timestamp="2021-08-09T08:34:18 IST" skipped="0">
  <testcase classname="com.autobrain.pages.SignUp" name="signupBusinessDeviceBoughtFromABWebsite" time="206.251"/>
  <system-out/>
</testsuite> <!-- com.autobrain.pages.SignUp -->
