<?xml version="1.0" encoding="UTF-8"?>
<!-- Generated by org.testng.reporters.JUnitReportReporter -->
<testsuite skipped="0" hostname="LAPTOP-6Q5KS8MJ" name="com.maven.testcases.DemoTest" tests="10" failures="0" timestamp="2021-03-25T20:41:33 IST" time="1121.874" errors="0">
  <testcase name="VerifyPersonlDeviceSignup" time="191.400" classname="com.maven.testcases.DemoTest"/>
  <testcase name="VerifyBusinessDeviceSignup" time="191.033" classname="com.maven.testcases.DemoTest"/>
  <testcase name="VerifyRetailerDeviceSignup" time="150.866" classname="com.maven.testcases.DemoTest"/>
  <testcase name="verifyUpdateVehicleProfile" time="79.191" classname="com.maven.testcases.DemoTest"/>
  <testcase name="verifyCancelSubscription" time="47.357" classname="com.maven.testcases.DemoTest"/>
  <testcase name="verifyCarFinder" time="47.463" classname="com.maven.testcases.DemoTest"/>
  <testcase name="verifyTermsAndPrivacyPolicy" time="26.005" classname="com.maven.testcases.DemoTest"/>
  <testcase name="verifyCreateGeoFences" time="62.183" classname="com.maven.testcases.DemoTest"/>
  <testcase name="verifyDeviceReplacement" time="287.548" classname="com.maven.testcases.DemoTest"/>
  <testcase name="verifyMarkReplacedDeviceForReuse" time="38.828" classname="com.maven.testcases.DemoTest"/>
</testsuite> <!-- com.maven.testcases.DemoTest -->
