<?xml version="1.0" encoding="UTF-8"?>
<!-- Generated by org.testng.reporters.JUnitReportReporter -->
<testsuite skipped="0" hostname="LAPTOP-6Q5KS8MJ" name="Demo.Class2" tests="2" failures="0" timestamp="2021-06-10T16:31:43 IST" time="0.024" errors="0">
  <testcase name="verifySignupWithPersonalDeviceBoughtFromRetailer" time="0.005" classname="Demo.Class2"/>
  <system-out/>
  <testcase name="verifySignupWithBusinessDeviceBoughtFromRetailer" time="0.019" classname="Demo.Class2"/>
  <system-out/>
</testsuite> <!-- Demo.Class2 -->
