<?xml version="1.0" encoding="UTF-8"?>
<!-- Generated by org.testng.reporters.JUnitReportReporter -->
<testsuite skipped="0" hostname="LAPTOP-6Q5KS8MJ" name="com.testcases.DemoTest" tests="1" failures="0" timestamp="28 Apr 2020 09:01:53 GMT" time="193.106" errors="0">
  <testcase name="VerifyRegister1" time="193.106" classname="com.testcases.DemoTest"/>
</testsuite> <!-- com.testcases.DemoTest -->
