<?xml version="1.0" encoding="UTF-8"?>
<!-- Generated by org.testng.reporters.JUnitReportReporter -->
<testsuite skipped="0" hostname="LAPTOP-6Q5KS8MJ" name="com.testcases.UpdateContactInfoTest" tests="1" failures="0" timestamp="21 Aug 2019 07:39:08 GMT" time="49.655" errors="0">
  <testcase name="VerifyUpdatingContactInfo" time="49.655" classname="com.testcases.UpdateContactInfoTest"/>
</testsuite> <!-- com.testcases.UpdateContactInfoTest -->
