<?xml version="1.0" encoding="UTF-8"?>
<!-- Generated by org.testng.reporters.JUnitReportReporter -->
<testsuite skipped="0" hostname="LAPTOP-6Q5KS8MJ" name="com.autobrain.pages.AlertSettings" tests="1" failures="0" timestamp="2021-07-12T09:12:02 IST" time="104.301" errors="0">
  <testcase name="alertSettings" time="104.301" classname="com.autobrain.pages.AlertSettings"/>
  <system-out/>
</testsuite> <!-- com.autobrain.pages.AlertSettings -->
