<?xml version="1.0" encoding="UTF-8"?>
<!-- Generated by org.testng.reporters.JUnitReportReporter -->
<testsuite skipped="0" hostname="LAPTOP-6Q5KS8MJ" name="Demo.aa" tests="1" failures="0" timestamp="27 Jan 2020 10:57:13 GMT" time="0.002" errors="0">
  <testcase name="login" time="0.002" classname="Demo.aa"/>
</testsuite> <!-- Demo.aa -->
