<?xml version="1.0" encoding="UTF-8"?>
<!-- Generated by org.testng.reporters.JUnitReportReporter -->
<testsuite skipped="0" hostname="LAPTOP-6Q5KS8MJ" name="Demo.Class1" tests="2" failures="0" timestamp="2021-06-10T16:31:43 IST" time="0.023" errors="0">
  <testcase name="verifySignupWithBusinessDeviceBoughtFromAB" time="0.019" classname="Demo.Class1"/>
  <system-out/>
  <testcase name="verifySignupWithPersonalDeviceBoughtFromAB" time="0.004" classname="Demo.Class1"/>
  <system-out/>
</testsuite> <!-- Demo.Class1 -->
