<?xml version="1.0" encoding="UTF-8"?>
<!-- Generated by org.testng.reporters.JUnitReportReporter -->
<testsuite skipped="0" hostname="LAPTOP-6Q5KS8MJ" name="com.testcases.BuyADeviceTest" tests="1" failures="0" timestamp="21 Aug 2019 06:43:54 GMT" time="29.494" errors="0">
  <testcase name="VerifyClickOnActiveDeviceBtn" time="29.494" classname="com.testcases.BuyADeviceTest"/>
</testsuite> <!-- com.testcases.BuyADeviceTest -->
