<?xml version="1.0" encoding="UTF-8"?>
<!-- Generated by org.testng.reporters.JUnitReportReporter -->
<testsuite skipped="0" hostname="LAPTOP-6Q5KS8MJ" name="com.testcases.SignupTest" tests="1" failures="0" timestamp="21 Aug 2019 11:29:41 GMT" time="37.363" errors="0">
  <testcase name="VerifyEachField" time="37.363" classname="com.testcases.SignupTest"/>
</testsuite> <!-- com.testcases.SignupTest -->
