<?xml version="1.0" encoding="UTF-8"?>
<!-- Generated by org.testng.reporters.JUnitReportReporter -->
<testsuite skipped="0" hostname="LAPTOP-6Q5KS8MJ" name="com.testcases.LoginSignupTest" tests="11" failures="0" timestamp="22 Aug 2019 11:00:43 GMT" time="121.674" errors="0">
  <testcase name="VerifyBlankLogin" time="5.143" classname="com.testcases.LoginSignupTest"/>
  <testcase name="VerifyInvalidLogin" time="3.234" classname="com.testcases.LoginSignupTest"/>
  <testcase name="VerifyValidLogin" time="12.736" classname="com.testcases.LoginSignupTest"/>
  <testcase name="VerifyLogoutUser" time="7.427" classname="com.testcases.LoginSignupTest"/>
  <testcase name="VerifyValidSignup" time="33.080" classname="com.testcases.LoginSignupTest"/>
  <testcase name="VerifyEnteringRegisteredEmailInForgotPasswordField" time="6.488" classname="com.testcases.LoginSignupTest"/>
  <testcase name="VerifyEnteringInvalidEmailInForgotPasswordFiled" time="16.127" classname="com.testcases.LoginSignupTest"/>
  <testcase name="VerifyForgotPasswordCancelButtonRedirection" time="7.611" classname="com.testcases.LoginSignupTest"/>
  <testcase name="VerifyTermsAndConditionsLinkOnSignupPage" time="6.700" classname="com.testcases.LoginSignupTest"/>
  <testcase name="VerifyPrivacyPolicyLinkOnSignupPage" time="6.403" classname="com.testcases.LoginSignupTest"/>
  <testcase name="VerifyChatButtonFunctionality" time="16.725" classname="com.testcases.LoginSignupTest"/>
</testsuite> <!-- com.testcases.LoginSignupTest -->
