<?xml version="1.0" encoding="UTF-8"?>
<!-- Generated by org.testng.reporters.JUnitReportReporter -->
<testsuite skipped="0" hostname="LAPTOP-6Q5KS8MJ" name="com.pages.Dumy" tests="1" failures="0" timestamp="29 Nov 2019 11:34:35 GMT" time="0.013" errors="0">
  <testcase name="ac" time="0.013" classname="com.pages.Dumy"/>
</testsuite> <!-- com.pages.Dumy -->
