<?xml version="1.0" encoding="UTF-8"?>
<!-- Generated by org.testng.reporters.JUnitReportReporter -->
<testsuite skipped="0" hostname="LAPTOP-6Q5KS8MJ" name="Demo.b" tests="1" failures="0" timestamp="24 Jan 2020 12:48:51 GMT" time="0.014" errors="0">
  <testcase name="login" time="0.014" classname="Demo.b"/>
</testsuite> <!-- Demo.b -->
