<?xml version="1.0" encoding="UTF-8"?>
<!-- Generated by org.testng.reporters.JUnitReportReporter -->
<testsuite skipped="0" hostname="LAPTOP-6Q5KS8MJ" name="Demo.ClassB" tests="1" failures="0" timestamp="2021-06-14T17:02:13 IST" time="0.011" errors="0">
  <testcase name="run" time="0.011" classname="Demo.ClassB"/>
  <system-out/>
</testsuite> <!-- Demo.ClassB -->
