<?xml version="1.0" encoding="UTF-8"?>
<!-- Generated by org.testng.reporters.JUnitReportReporter -->
<testsuite skipped="0" hostname="LAPTOP-6Q5KS8MJ" name="com.testcases.DemoTest" tests="1" failures="0" timestamp="2021-03-24T21:54:32 IST" time="44.178" errors="0">
  <testcase name="ValidateTests" time="44.178" classname="com.testcases.DemoTest"/>
</testsuite> <!-- com.testcases.DemoTest -->
