<?xml version="1.0" encoding="UTF-8"?>
<!-- Generated by org.testng.reporters.JUnitReportReporter -->
<testsuite skipped="0" hostname="LAPTOP-6Q5KS8MJ" name="com.autobrain.pages.BeepCarpool" tests="1" failures="0" timestamp="2021-06-14T18:07:55 IST" time="73.218" errors="0">
  <testcase name="beepCarpool" time="73.218" classname="com.autobrain.pages.BeepCarpool"/>
  <system-out/>
</testsuite> <!-- com.autobrain.pages.BeepCarpool -->
